<?xml version="1.0" encoding="UTF-8"?>
<testsuite name="VisitorTest" tests="1" skipped="0" failures="0" errors="0" timestamp="2020-01-17T07:26:12" hostname="recruit" time="0.02">
  <properties/>
  <testcase name="save()" classname="VisitorTest" time="0.02"/>
  <system-out><![CDATA[]]></system-out>
  <system-err><![CDATA[]]></system-err>
</testsuite>
